<?xml version="1.0" encoding="UTF-8"?>
<testng-results total="1" passed="1" failed="0" skipped="0">
  <reporter-output>
  </reporter-output>
  <suite started-at="2023-08-23T13:50:26Z" name="Default suite" finished-at="2023-08-23T13:50:28Z" duration-ms="1916">
    <groups>
    </groups>
    <test started-at="2023-08-23T13:50:26Z" name="Default test" finished-at="2023-08-23T13:50:28Z" duration-ms="1916">
      <class name="com.hrms.testscripts.TC001">
        <test-method signature="open()[pri:0, instance:com.hrms.testscripts.TC001@6c03fb16]" started-at="2023-08-23T19:20:26Z" name="open" finished-at="2023-08-23T19:20:28Z" duration-ms="1906" status="PASS">
          <reporter-output>
          </reporter-output>
        </test-method> <!-- open -->
      </class> <!-- com.hrms.testscripts.TC001 -->
    </test> <!-- Default test -->
  </suite> <!-- Default suite -->
</testng-results>
